The system is: Windows - 10.0.19045 - AMD64
Compiling the C compiler identification source file "CMakeCCompilerId.c" succeeded.
Compiler: D:/VS2019/VC/Tools/MSVC/14.29.30037/bin/Hostx64/x64/cl.exe 
Build flags: 
Id flags:  

The output was:
0
Microsoft (R) C/C++ Optimizing Compiler Version 19.29.30040 for x64
Copyright (C) Microsoft Corporation.  All rights reserved.

CMakeCCompilerId.c
Microsoft (R) Incremental Linker Version 14.29.30040.0
Copyright (C) Microsoft Corporation.  All rights reserved.

/out:CMakeCCompilerId.exe 
CMakeCCompilerId.obj 


Compilation of the C compiler identification source "CMakeCCompilerId.c" produced "CMakeCCompilerId.exe"

Compilation of the C compiler identification source "CMakeCCompilerId.c" produced "CMakeCCompilerId.obj"

The C compiler identification is MSVC, found in "E:/VS/QtInVS2019/MeshPro1/3dparty/glew/out/build/x64-Debug/CMakeFiles/3.20.21032501-MSVC_2/CompilerIdC/CMakeCCompilerId.exe"

Compiling the CXX compiler identification source file "CMakeCXXCompilerId.cpp" succeeded.
Compiler: D:/VS2019/VC/Tools/MSVC/14.29.30037/bin/Hostx64/x64/cl.exe 
Build flags: 
Id flags:  

The output was:
0
Microsoft (R) C/C++ Optimizing Compiler Version 19.29.30040 for x64
Copyright (C) Microsoft Corporation.  All rights reserved.

CMakeCXXCompilerId.cpp
Microsoft (R) Incremental Linker Version 14.29.30040.0
Copyright (C) Microsoft Corporation.  All rights reserved.

/out:CMakeCXXCompilerId.exe 
CMakeCXXCompilerId.obj 


Compilation of the CXX compiler identification source "CMakeCXXCompilerId.cpp" produced "CMakeCXXCompilerId.exe"

Compilation of the CXX compiler identification source "CMakeCXXCompilerId.cpp" produced "CMakeCXXCompilerId.obj"

The CXX compiler identification is MSVC, found in "E:/VS/QtInVS2019/MeshPro1/3dparty/glew/out/build/x64-Debug/CMakeFiles/3.20.21032501-MSVC_2/CompilerIdCXX/CMakeCXXCompilerId.exe"

Detecting C compiler ABI info compiled with the following output:
Change Dir: E:/VS/QtInVS2019/MeshPro1/3dparty/glew/out/build/x64-Debug/CMakeFiles/CMakeTmp

Run Build Command(s):D:\VS2019\COMMON7\IDE\COMMONEXTENSIONS\MICROSOFT\CMAKE\Ninja\ninja.exe cmTC_5c203 && [1/2] Building C object CMakeFiles\cmTC_5c203.dir\CMakeCCompilerABI.c.obj
[2/2] Linking C executable cmTC_5c203.exe



Detecting CXX compiler ABI info compiled with the following output:
Change Dir: E:/VS/QtInVS2019/MeshPro1/3dparty/glew/out/build/x64-Debug/CMakeFiles/CMakeTmp

Run Build Command(s):D:\VS2019\COMMON7\IDE\COMMONEXTENSIONS\MICROSOFT\CMAKE\Ninja\ninja.exe cmTC_9cf1b && [1/2] Building CXX object CMakeFiles\cmTC_9cf1b.dir\CMakeCXXCompilerABI.cpp.obj
[2/2] Linking CXX executable cmTC_9cf1b.exe



